Detecting C [-std=c11] compiler features failed to compile with the following output:
Change Dir: /home/ricks/panda_autograsp/panda_autograsp/build/CMakeFiles/CMakeTmp

Run Build Command:"/usr/bin/make" "cmTC_9743a/fast"
/usr/bin/make -f CMakeFiles/cmTC_9743a.dir/build.make CMakeFiles/cmTC_9743a.dir/build
make[1]: Entering directory '/home/ricks/panda_autograsp/panda_autograsp/build/CMakeFiles/CMakeTmp'
Building C object CMakeFiles/cmTC_9743a.dir/feature_tests.c.o
/usr/bin/c99-gcc    -std=c11 -o CMakeFiles/cmTC_9743a.dir/feature_tests.c.o   -c /home/ricks/panda_autograsp/panda_autograsp/build/CMakeFiles/feature_tests.c
c99-gcc called with non ISO C99 option -std=c11
CMakeFiles/cmTC_9743a.dir/build.make:65: recipe for target 'CMakeFiles/cmTC_9743a.dir/feature_tests.c.o' failed
make[1]: *** [CMakeFiles/cmTC_9743a.dir/feature_tests.c.o] Error 1
make[1]: Leaving directory '/home/ricks/panda_autograsp/panda_autograsp/build/CMakeFiles/CMakeTmp'
Makefile:126: recipe for target 'cmTC_9743a/fast' failed
make: *** [cmTC_9743a/fast] Error 2



Determining if the pthread_create exist failed with the following output:
Change Dir: /home/ricks/panda_autograsp/panda_autograsp/build/CMakeFiles/CMakeTmp

Run Build Command:"/usr/bin/make" "cmTC_1daad/fast"
/usr/bin/make -f CMakeFiles/cmTC_1daad.dir/build.make CMakeFiles/cmTC_1daad.dir/build
make[1]: Entering directory '/home/ricks/panda_autograsp/panda_autograsp/build/CMakeFiles/CMakeTmp'
Building C object CMakeFiles/cmTC_1daad.dir/CheckSymbolExists.c.o
/usr/bin/c99-gcc     -o CMakeFiles/cmTC_1daad.dir/CheckSymbolExists.c.o   -c /home/ricks/panda_autograsp/panda_autograsp/build/CMakeFiles/CMakeTmp/CheckSymbolExists.c
Linking C executable cmTC_1daad
/usr/bin/cmake -E cmake_link_script CMakeFiles/cmTC_1daad.dir/link.txt --verbose=1
/usr/bin/c99-gcc       CMakeFiles/cmTC_1daad.dir/CheckSymbolExists.c.o  -o cmTC_1daad -rdynamic 
CMakeFiles/cmTC_1daad.dir/CheckSymbolExists.c.o: In function `main':
CheckSymbolExists.c:(.text+0x16): undefined reference to `pthread_create'
collect2: error: ld returned 1 exit status
CMakeFiles/cmTC_1daad.dir/build.make:97: recipe for target 'cmTC_1daad' failed
make[1]: *** [cmTC_1daad] Error 1
make[1]: Leaving directory '/home/ricks/panda_autograsp/panda_autograsp/build/CMakeFiles/CMakeTmp'
Makefile:126: recipe for target 'cmTC_1daad/fast' failed
make: *** [cmTC_1daad/fast] Error 2

File /home/ricks/panda_autograsp/panda_autograsp/build/CMakeFiles/CMakeTmp/CheckSymbolExists.c:
/* */
#include <pthread.h>

int main(int argc, char** argv)
{
  (void)argv;
#ifndef pthread_create
  return ((int*)(&pthread_create))[argc];
#else
  (void)argc;
  return 0;
#endif
}

Determining if the function pthread_create exists in the pthreads failed with the following output:
Change Dir: /home/ricks/panda_autograsp/panda_autograsp/build/CMakeFiles/CMakeTmp

Run Build Command:"/usr/bin/make" "cmTC_20c9f/fast"
/usr/bin/make -f CMakeFiles/cmTC_20c9f.dir/build.make CMakeFiles/cmTC_20c9f.dir/build
make[1]: Entering directory '/home/ricks/panda_autograsp/panda_autograsp/build/CMakeFiles/CMakeTmp'
Building C object CMakeFiles/cmTC_20c9f.dir/CheckFunctionExists.c.o
/usr/bin/c99-gcc    -DCHECK_FUNCTION_EXISTS=pthread_create   -o CMakeFiles/cmTC_20c9f.dir/CheckFunctionExists.c.o   -c /usr/share/cmake-3.5/Modules/CheckFunctionExists.c
Linking C executable cmTC_20c9f
/usr/bin/cmake -E cmake_link_script CMakeFiles/cmTC_20c9f.dir/link.txt --verbose=1
/usr/bin/c99-gcc   -DCHECK_FUNCTION_EXISTS=pthread_create    CMakeFiles/cmTC_20c9f.dir/CheckFunctionExists.c.o  -o cmTC_20c9f -rdynamic -lpthreads 
/usr/bin/ld: cannot find -lpthreads
collect2: error: ld returned 1 exit status
CMakeFiles/cmTC_20c9f.dir/build.make:97: recipe for target 'cmTC_20c9f' failed
make[1]: *** [cmTC_20c9f] Error 1
make[1]: Leaving directory '/home/ricks/panda_autograsp/panda_autograsp/build/CMakeFiles/CMakeTmp'
Makefile:126: recipe for target 'cmTC_20c9f/fast' failed
make: *** [cmTC_20c9f/fast] Error 2


